<?xml version="1.0" encoding="UTF-8"?>
<!-- Generated by org.testng.reporters.JUnitReportReporter -->
<testsuite hostname="DESKTOP-IM50QS0" failures="0" tests="4" name="orbitz.CRMclass" time="40.702" errors="0" timestamp="2020-06-17T11:04:54 EDT" skipped="0">
  <testcase classname="orbitz.CRMclass" name="f" time="11.804"/>
  <system-out/>
  <testcase classname="orbitz.CRMclass" name="f" time="7.767"/>
  <system-out/>
  <testcase classname="orbitz.CRMclass" name="f" time="9.970"/>
  <system-out/>
  <testcase classname="orbitz.CRMclass" name="f" time="11.161"/>
  <system-out/>
</testsuite> <!-- orbitz.CRMclass -->
