<?xml version="1.0" encoding="UTF-8"?>
<!-- Generated by org.testng.reporters.JUnitReportReporter -->
<testsuite hostname="DESKTOP-IM50QS0" failures="0" tests="6" name="orbitz.FacebkSC" time="55.646" errors="0" timestamp="2020-06-17T12:47:39 EDT" skipped="0">
  <testcase classname="orbitz.FacebkSC" name="face" time="8.124"/>
  <system-out/>
  <testcase classname="orbitz.FacebkSC" name="face" time="8.166"/>
  <system-out/>
  <testcase classname="orbitz.FacebkSC" name="face" time="9.438"/>
  <system-out/>
  <testcase classname="orbitz.FacebkSC" name="face" time="10.428"/>
  <system-out/>
  <testcase classname="orbitz.FacebkSC" name="face" time="9.715"/>
  <system-out/>
  <testcase classname="orbitz.FacebkSC" name="face" time="9.775"/>
  <system-out/>
</testsuite> <!-- orbitz.FacebkSC -->
