<?xml version="1.0" encoding="UTF-8"?>
<!-- Generated by org.testng.reporters.JUnitReportReporter -->
<testsuite hostname="DESKTOP-IM50QS0" failures="0" tests="2" name="qa.testing.CRMlogin" time="15.989" errors="0" timestamp="2020-06-23T15:09:21 EDT" skipped="0">
  <testcase classname="qa.testing.CRMlogin" name="f" time="7.582"/>
  <system-out/>
  <testcase classname="qa.testing.CRMlogin" name="f" time="8.407"/>
  <system-out/>
</testsuite> <!-- qa.testing.CRMlogin -->
