<?xml version="1.0" encoding="UTF-8"?>
<!-- Generated by org.testng.reporters.JUnitReportReporter -->
<testsuite hostname="DESKTOP-IM50QS0" failures="0" tests="1" name="qa.testing.CRMlogin2" time="5.785" errors="0" timestamp="2020-06-25T16:32:51 EDT" skipped="0">
  <testcase classname="qa.testing.CRMlogin2" name="f" time="5.785"/>
  <system-out/>
</testsuite> <!-- qa.testing.CRMlogin2 -->
