<?xml version="1.0" encoding="UTF-8"?>
<!-- Generated by org.testng.reporters.JUnitReportReporter -->
<testsuite hostname="DESKTOP-IM50QS0" failures="0" tests="4" name="orbitz.CRMlogin1" time="20.743" errors="0" timestamp="2020-06-23T14:18:53 EDT" skipped="0">
  <testcase classname="orbitz.CRMlogin1" name="f" time="4.991"/>
  <system-out/>
  <testcase classname="orbitz.CRMlogin1" name="f" time="5.145"/>
  <system-out/>
  <testcase classname="orbitz.CRMlogin1" name="f" time="5.179"/>
  <system-out/>
  <testcase classname="orbitz.CRMlogin1" name="f" time="5.428"/>
  <system-out/>
</testsuite> <!-- orbitz.CRMlogin1 -->
