<?xml version="1.0" encoding="UTF-8"?>
<!-- Generated by org.testng.reporters.JUnitReportReporter -->
<testsuite hostname="DESKTOP-IM50QS0" failures="0" tests="1" name="qa.testing.Fblogin" time="7.982" errors="0" timestamp="2020-06-28T13:11:11 EDT" skipped="0">
  <testcase classname="qa.testing.Fblogin" name="f" time="7.982"/>
  <system-out/>
</testsuite> <!-- qa.testing.Fblogin -->
