<?xml version="1.0" encoding="UTF-8"?>
<!-- Generated by org.testng.reporters.JUnitReportReporter -->
<testsuite hostname="DESKTOP-IM50QS0" failures="0" tests="2" name="qa.testing.CRMloginScreen" time="20.025" errors="0" timestamp="2020-06-24T19:32:43 EDT" skipped="0">
  <testcase classname="qa.testing.CRMloginScreen" name="f" time="13.000"/>
  <system-out/>
  <testcase classname="qa.testing.CRMloginScreen" name="f" time="7.025"/>
  <system-out/>
</testsuite> <!-- qa.testing.CRMloginScreen -->
