<?xml version="1.0" encoding="UTF-8"?>
<!-- Generated by org.testng.reporters.JUnitReportReporter -->
<testsuite hostname="DESKTOP-IM50QS0" failures="0" tests="6" name="orbitz.CRMclass2" time="50.814" errors="0" timestamp="2020-06-17T12:00:57 EDT" skipped="0">
  <testcase classname="orbitz.CRMclass2" name="f" time="7.820"/>
  <system-out/>
  <testcase classname="orbitz.CRMclass2" name="f" time="8.771"/>
  <system-out/>
  <testcase classname="orbitz.CRMclass2" name="f" time="7.925"/>
  <system-out/>
  <testcase classname="orbitz.CRMclass2" name="f" time="7.816"/>
  <system-out/>
  <testcase classname="orbitz.CRMclass2" name="f" time="9.356"/>
  <system-out/>
  <testcase classname="orbitz.CRMclass2" name="f" time="9.126"/>
  <system-out/>
</testsuite> <!-- orbitz.CRMclass2 -->
