<?xml version="1.0" encoding="UTF-8"?>
<!-- Generated by org.testng.reporters.JUnitReportReporter -->
<testsuite hostname="DESKTOP-IM50QS0" failures="0" tests="2" name="qa.testing.Orblogin" time="1.469" errors="0" timestamp="2020-06-25T14:00:33 EDT" skipped="0">
  <testcase classname="qa.testing.Orblogin" name="sendph" time="0.633"/>
  <system-out>
This report is almost pass on runing of more then 22 test cases in One class  </system-out>
  <testcase classname="qa.testing.Orblogin" name="logo" time="0.836"/>
  <system-out/>
</testsuite> <!-- qa.testing.Orblogin -->
