<?xml version="1.0" encoding="UTF-8"?>
<!-- Generated by org.testng.reporters.JUnitReportReporter -->
<testsuite ignored="0" hostname="DESKTOP-IM50QS0" failures="0" tests="1" name="qa.testing.CRMlogin1" time="0.000" errors="0" timestamp="01 Jul 2020 21:56:07 GMT" skipped="1">
  <testcase classname="qa.testing.CRMlogin1" name="f" time="0.000">
    <skipped/>
  </testcase> <!-- f -->
</testsuite> <!-- qa.testing.CRMlogin1 -->
