<?xml version="1.0" encoding="UTF-8"?>
<!-- Generated by org.testng.reporters.JUnitReportReporter -->
<testsuite ignored="0" hostname="DESKTOP-IM50QS0" failures="0" tests="2" name="qa.testing.Ebay2Class" time="25.598" errors="0" timestamp="01 Jul 2020 22:17:07 GMT" skipped="0">
  <testcase classname="qa.testing.Ebay2Class" name="f" time="9.971"/>
  <testcase classname="qa.testing.Ebay2Class" name="Udem11" time="15.627"/>
</testsuite> <!-- qa.testing.Ebay2Class -->
