<?xml version="1.0" encoding="UTF-8"?>
<!-- Generated by org.testng.reporters.JUnitReportReporter -->
<testsuite hostname="DESKTOP-IM50QS0" failures="0" tests="1" name="orbitzT.OrbitzH" time="0.433" errors="0" timestamp="2020-06-11T20:50:51 EDT" skipped="0">
  <testcase classname="orbitzT.OrbitzH" name="sendph" time="0.433"/>
  <system-out>
This report is almost pass on runing of more then 22 test cases in One class  </system-out>
</testsuite> <!-- orbitzT.OrbitzH -->
