<?xml version="1.0" encoding="UTF-8"?>
<!-- Generated by org.testng.reporters.JUnitReportReporter -->
<testsuite hostname="DESKTOP-IM50QS0" failures="0" tests="2" name="orbitzT.Orbitz1" time="7.412" errors="0" timestamp="2020-06-23T18:05:21 EDT" skipped="0">
  <testcase classname="orbitzT.Orbitz1" name="altert" time="5.946"/>
  <system-out/>
  <testcase classname="orbitzT.Orbitz1" name="logo" time="1.466"/>
  <system-out/>
</testsuite> <!-- orbitzT.Orbitz1 -->
