<?xml version="1.0" encoding="UTF-8"?>
<!-- Generated by org.testng.reporters.JUnitReportReporter -->
<testsuite hostname="DESKTOP-IM50QS0" failures="0" tests="1" name="train.Screenshotgoogle" time="8.161" errors="0" timestamp="2020-06-22T11:19:51 EDT" skipped="0">
  <testcase classname="train.Screenshotgoogle" name="TestJavaS1" time="8.161"/>
  <system-out/>
</testsuite> <!-- train.Screenshotgoogle -->
